2025-03-07 20:29:34.550367: E external/local_xla/xla/stream_executor/cuda/cuda_fft.cc:477] Unable to register cuFFT factory: Attempting to register factory for plugin cuFFT when one has already been registered
WARNING: All log messages before absl::InitializeLog() is called are written to STDERR
E0000 00:00:1741379374.579938   15021 cuda_dnn.cc:8310] Unable to register cuDNN factory: Attempting to register factory for plugin cuDNN when one has already been registered
E0000 00:00:1741379374.588850   15021 cuda_blas.cc:1418] Unable to register cuBLAS factory: Attempting to register factory for plugin cuBLAS when one has already been registered
Global seed set to 1501
GPU available: True (cuda), used: True
TPU available: False, using: 0 TPU cores
IPU available: False, using: 0 IPUs
HPU available: False, using: 0 HPUs
Missing logger folder: /content/drive/MyDrive/emg2qwerty-main/logs/2025-03-07/20-29-28/job0_trainer.devices=1,user=single_user/lightning_logs
LOCAL_RANK: 0 - CUDA_VISIBLE_DEVICES: [0]
/usr/local/lib/python3.11/dist-packages/pl_bolts/__init__.py:11: FutureWarning: In the future `np.object` will be defined as the corresponding NumPy scalar.
  if not hasattr(numpy, tp_name):
/usr/local/lib/python3.11/dist-packages/pl_bolts/__init__.py:11: FutureWarning: In the future `np.bool` will be defined as the corresponding NumPy scalar.
  if not hasattr(numpy, tp_name):
/usr/local/lib/python3.11/dist-packages/pl_bolts/models/self_supervised/amdim/amdim_module.py:34: UnderReviewWarning: The feature generate_power_seq is currently marked under review. The compatibility with other Lightning projects is not guaranteed and API may change at any time. The API and functionality may change without warning in future releases. More details: https://lightning-bolts.readthedocs.io/en/latest/stability.html
  "lr_options": generate_power_seq(LEARNING_RATE_CIFAR, 11),
/usr/local/lib/python3.11/dist-packages/pl_bolts/models/self_supervised/amdim/amdim_module.py:92: UnderReviewWarning: The feature FeatureMapContrastiveTask is currently marked under review. The compatibility with other Lightning projects is not guaranteed and API may change at any time. The API and functionality may change without warning in future releases. More details: https://lightning-bolts.readthedocs.io/en/latest/stability.html
  contrastive_task: Union[FeatureMapContrastiveTask] = FeatureMapContrastiveTask("01, 02, 11"),
/usr/local/lib/python3.11/dist-packages/pl_bolts/losses/self_supervised_learning.py:228: UnderReviewWarning: The feature AmdimNCELoss is currently marked under review. The compatibility with other Lightning projects is not guaranteed and API may change at any time. The API and functionality may change without warning in future releases. More details: https://lightning-bolts.readthedocs.io/en/latest/stability.html
  self.nce_loss = AmdimNCELoss(tclip)
/usr/local/lib/python3.11/dist-packages/hydra/_internal/instantiate/_instantiate2.py:92: UnderReviewWarning: The feature LinearWarmupCosineAnnealingLR is currently marked under review. The compatibility with other Lightning projects is not guaranteed and API may change at any time. The API and functionality may change without warning in future releases. More details: https://lightning-bolts.readthedocs.io/en/latest/stability.html
  return _target_(*args, **kwargs)

  | Name     | Type       | Params
----------------------------------------
0 | model    | Sequential | 5.3 M 
1 | ctc_loss | CTCLoss    | 0     
2 | metrics  | ModuleDict | 0     
----------------------------------------
5.3 M     Trainable params
0         Non-trainable params
5.3 M     Total params
21.173    Total estimated model params size (MB)
/usr/local/lib/python3.11/dist-packages/torch/utils/data/dataloader.py:558: UserWarning: This DataLoader will create 4 worker processes in total. Our suggested max number of worker in current system is 2, which is smaller than what this DataLoader is going to create. Please be aware that excessive worker creation might get DataLoader running slow or even freeze, lower the worker number to avoid potential slowness/freeze if necessary.
  warnings.warn(_create_warning_msg(
/usr/local/lib/python3.11/dist-packages/torch/nn/modules/conv.py:456: UserWarning: Plan failed with a cudnnException: CUDNN_BACKEND_EXECUTION_PLAN_DESCRIPTOR: cudnnFinalize Descriptor Failed cudnn_status: CUDNN_STATUS_NOT_SUPPORTED (Triggered internally at ../aten/src/ATen/native/cudnn/Conv_v8.cpp:919.)
  return F.conv2d(input, weight, bias, self.stride,
Epoch 0, global step 105: 'val/CER' reached 1361.36462 (best 1361.36462), saving model to '/content/drive/MyDrive/emg2qwerty-main/logs/2025-03-07/20-29-28/job0_trainer.devices=1,user=single_user/checkpoints/epoch=0-step=105.ckpt' as top 1
Epoch 1, global step 210: 'val/CER' reached 100.00000 (best 100.00000), saving model to '/content/drive/MyDrive/emg2qwerty-main/logs/2025-03-07/20-29-28/job0_trainer.devices=1,user=single_user/checkpoints/epoch=1-step=210.ckpt' as top 1
Epoch 2, global step 315: 'val/CER' was not in top 1
Epoch 3, global step 420: 'val/CER' was not in top 1
Epoch 4, global step 525: 'val/CER' was not in top 1
Epoch 5, global step 630: 'val/CER' was not in top 1
Epoch 6, global step 735: 'val/CER' was not in top 1
Epoch 7, global step 840: 'val/CER' was not in top 1
Epoch 8, global step 945: 'val/CER' was not in top 1
Epoch 9, global step 1050: 'val/CER' was not in top 1
Epoch 10, global step 1155: 'val/CER' reached 99.26894 (best 99.26894), saving model to '/content/drive/MyDrive/emg2qwerty-main/logs/2025-03-07/20-29-28/job0_trainer.devices=1,user=single_user/checkpoints/epoch=10-step=1155.ckpt' as top 1
Epoch 11, global step 1260: 'val/CER' reached 96.69916 (best 96.69916), saving model to '/content/drive/MyDrive/emg2qwerty-main/logs/2025-03-07/20-29-28/job0_trainer.devices=1,user=single_user/checkpoints/epoch=11-step=1260.ckpt' as top 1
Epoch 12, global step 1365: 'val/CER' reached 87.79353 (best 87.79353), saving model to '/content/drive/MyDrive/emg2qwerty-main/logs/2025-03-07/20-29-28/job0_trainer.devices=1,user=single_user/checkpoints/epoch=12-step=1365.ckpt' as top 1
Epoch 13, global step 1470: 'val/CER' reached 86.59725 (best 86.59725), saving model to '/content/drive/MyDrive/emg2qwerty-main/logs/2025-03-07/20-29-28/job0_trainer.devices=1,user=single_user/checkpoints/epoch=13-step=1470.ckpt' as top 1
Epoch 14, global step 1575: 'val/CER' reached 81.63491 (best 81.63491), saving model to '/content/drive/MyDrive/emg2qwerty-main/logs/2025-03-07/20-29-28/job0_trainer.devices=1,user=single_user/checkpoints/epoch=14-step=1575.ckpt' as top 1
Epoch 15, global step 1680: 'val/CER' reached 78.26761 (best 78.26761), saving model to '/content/drive/MyDrive/emg2qwerty-main/logs/2025-03-07/20-29-28/job0_trainer.devices=1,user=single_user/checkpoints/epoch=15-step=1680.ckpt' as top 1
Epoch 16, global step 1785: 'val/CER' reached 77.24856 (best 77.24856), saving model to '/content/drive/MyDrive/emg2qwerty-main/logs/2025-03-07/20-29-28/job0_trainer.devices=1,user=single_user/checkpoints/epoch=16-step=1785.ckpt' as top 1
Epoch 17, global step 1890: 'val/CER' reached 71.44440 (best 71.44440), saving model to '/content/drive/MyDrive/emg2qwerty-main/logs/2025-03-07/20-29-28/job0_trainer.devices=1,user=single_user/checkpoints/epoch=17-step=1890.ckpt' as top 1
Epoch 18, global step 1995: 'val/CER' reached 68.23217 (best 68.23217), saving model to '/content/drive/MyDrive/emg2qwerty-main/logs/2025-03-07/20-29-28/job0_trainer.devices=1,user=single_user/checkpoints/epoch=18-step=1995.ckpt' as top 1
Epoch 19, global step 2100: 'val/CER' reached 64.35534 (best 64.35534), saving model to '/content/drive/MyDrive/emg2qwerty-main/logs/2025-03-07/20-29-28/job0_trainer.devices=1,user=single_user/checkpoints/epoch=19-step=2100.ckpt' as top 1
Epoch 20, global step 2205: 'val/CER' reached 61.54187 (best 61.54187), saving model to '/content/drive/MyDrive/emg2qwerty-main/logs/2025-03-07/20-29-28/job0_trainer.devices=1,user=single_user/checkpoints/epoch=20-step=2205.ckpt' as top 1
Epoch 21, global step 2310: 'val/CER' reached 51.46212 (best 51.46212), saving model to '/content/drive/MyDrive/emg2qwerty-main/logs/2025-03-07/20-29-28/job0_trainer.devices=1,user=single_user/checkpoints/epoch=21-step=2310.ckpt' as top 1
Epoch 22, global step 2415: 'val/CER' reached 43.77492 (best 43.77492), saving model to '/content/drive/MyDrive/emg2qwerty-main/logs/2025-03-07/20-29-28/job0_trainer.devices=1,user=single_user/checkpoints/epoch=22-step=2415.ckpt' as top 1
Epoch 23, global step 2520: 'val/CER' reached 38.34736 (best 38.34736), saving model to '/content/drive/MyDrive/emg2qwerty-main/logs/2025-03-07/20-29-28/job0_trainer.devices=1,user=single_user/checkpoints/epoch=23-step=2520.ckpt' as top 1
Epoch 24, global step 2625: 'val/CER' reached 37.92645 (best 37.92645), saving model to '/content/drive/MyDrive/emg2qwerty-main/logs/2025-03-07/20-29-28/job0_trainer.devices=1,user=single_user/checkpoints/epoch=24-step=2625.ckpt' as top 1
Epoch 25, global step 2730: 'val/CER' reached 36.17634 (best 36.17634), saving model to '/content/drive/MyDrive/emg2qwerty-main/logs/2025-03-07/20-29-28/job0_trainer.devices=1,user=single_user/checkpoints/epoch=25-step=2730.ckpt' as top 1
Epoch 26, global step 2835: 'val/CER' reached 35.22375 (best 35.22375), saving model to '/content/drive/MyDrive/emg2qwerty-main/logs/2025-03-07/20-29-28/job0_trainer.devices=1,user=single_user/checkpoints/epoch=26-step=2835.ckpt' as top 1
Epoch 27, global step 2940: 'val/CER' reached 34.51484 (best 34.51484), saving model to '/content/drive/MyDrive/emg2qwerty-main/logs/2025-03-07/20-29-28/job0_trainer.devices=1,user=single_user/checkpoints/epoch=27-step=2940.ckpt' as top 1
Epoch 28, global step 3045: 'val/CER' reached 34.31546 (best 34.31546), saving model to '/content/drive/MyDrive/emg2qwerty-main/logs/2025-03-07/20-29-28/job0_trainer.devices=1,user=single_user/checkpoints/epoch=28-step=3045.ckpt' as top 1
Epoch 29, global step 3150: 'val/CER' was not in top 1
`Trainer.fit` stopped: `max_epochs=30` reached.
LOCAL_RANK: 0 - CUDA_VISIBLE_DEVICES: [0]
LOCAL_RANK: 0 - CUDA_VISIBLE_DEVICES: [0]
