2025-03-12 05:46:38.424919: E external/local_xla/xla/stream_executor/cuda/cuda_fft.cc:477] Unable to register cuFFT factory: Attempting to register factory for plugin cuFFT when one has already been registered
WARNING: All log messages before absl::InitializeLog() is called are written to STDERR
E0000 00:00:1741758398.446269  160557 cuda_dnn.cc:8310] Unable to register cuDNN factory: Attempting to register factory for plugin cuDNN when one has already been registered
E0000 00:00:1741758398.452756  160557 cuda_blas.cc:1418] Unable to register cuBLAS factory: Attempting to register factory for plugin cuBLAS when one has already been registered
Global seed set to 1501
GPU available: True (cuda), used: True
TPU available: False, using: 0 TPU cores
IPU available: False, using: 0 IPUs
HPU available: False, using: 0 HPUs
Missing logger folder: /content/drive/MyDrive/UCLA/nndl-final/emg2qwerty/logs/2025-03-12/05-46-32/job0_trainer.devices=1,user=single_user/lightning_logs
LOCAL_RANK: 0 - CUDA_VISIBLE_DEVICES: [0]
/usr/local/lib/python3.11/dist-packages/pl_bolts/__init__.py:11: FutureWarning: In the future `np.object` will be defined as the corresponding NumPy scalar.
  if not hasattr(numpy, tp_name):
/usr/local/lib/python3.11/dist-packages/pl_bolts/__init__.py:11: FutureWarning: In the future `np.bool` will be defined as the corresponding NumPy scalar.
  if not hasattr(numpy, tp_name):
/usr/local/lib/python3.11/dist-packages/pl_bolts/models/self_supervised/amdim/amdim_module.py:34: UnderReviewWarning: The feature generate_power_seq is currently marked under review. The compatibility with other Lightning projects is not guaranteed and API may change at any time. The API and functionality may change without warning in future releases. More details: https://lightning-bolts.readthedocs.io/en/latest/stability.html
  "lr_options": generate_power_seq(LEARNING_RATE_CIFAR, 11),
/usr/local/lib/python3.11/dist-packages/pl_bolts/models/self_supervised/amdim/amdim_module.py:92: UnderReviewWarning: The feature FeatureMapContrastiveTask is currently marked under review. The compatibility with other Lightning projects is not guaranteed and API may change at any time. The API and functionality may change without warning in future releases. More details: https://lightning-bolts.readthedocs.io/en/latest/stability.html
  contrastive_task: Union[FeatureMapContrastiveTask] = FeatureMapContrastiveTask("01, 02, 11"),
/usr/local/lib/python3.11/dist-packages/pl_bolts/losses/self_supervised_learning.py:228: UnderReviewWarning: The feature AmdimNCELoss is currently marked under review. The compatibility with other Lightning projects is not guaranteed and API may change at any time. The API and functionality may change without warning in future releases. More details: https://lightning-bolts.readthedocs.io/en/latest/stability.html
  self.nce_loss = AmdimNCELoss(tclip)
/usr/local/lib/python3.11/dist-packages/hydra/_internal/instantiate/_instantiate2.py:92: UnderReviewWarning: The feature LinearWarmupCosineAnnealingLR is currently marked under review. The compatibility with other Lightning projects is not guaranteed and API may change at any time. The API and functionality may change without warning in future releases. More details: https://lightning-bolts.readthedocs.io/en/latest/stability.html
  return _target_(*args, **kwargs)

  | Name     | Type       | Params
----------------------------------------
0 | model    | Sequential | 5.3 M 
1 | ctc_loss | CTCLoss    | 0     
2 | metrics  | ModuleDict | 0     
----------------------------------------
5.3 M     Trainable params
0         Non-trainable params
5.3 M     Total params
21.173    Total estimated model params size (MB)
/usr/local/lib/python3.11/dist-packages/torch/utils/data/dataloader.py:558: UserWarning: This DataLoader will create 4 worker processes in total. Our suggested max number of worker in current system is 2, which is smaller than what this DataLoader is going to create. Please be aware that excessive worker creation might get DataLoader running slow or even freeze, lower the worker number to avoid potential slowness/freeze if necessary.
  warnings.warn(_create_warning_msg(
/usr/local/lib/python3.11/dist-packages/torch/nn/modules/conv.py:456: UserWarning: Plan failed with a cudnnException: CUDNN_BACKEND_EXECUTION_PLAN_DESCRIPTOR: cudnnFinalize Descriptor Failed cudnn_status: CUDNN_STATUS_NOT_SUPPORTED (Triggered internally at ../aten/src/ATen/native/cudnn/Conv_v8.cpp:919.)
  return F.conv2d(input, weight, bias, self.stride,
Epoch 0, global step 120: 'val/CER' reached 1364.31104 (best 1364.31104), saving model to '/content/drive/MyDrive/UCLA/nndl-final/emg2qwerty/logs/2025-03-12/05-46-32/job0_trainer.devices=1,user=single_user/checkpoints/epoch=0-step=120.ckpt' as top 1
Epoch 1, global step 240: 'val/CER' reached 100.00000 (best 100.00000), saving model to '/content/drive/MyDrive/UCLA/nndl-final/emg2qwerty/logs/2025-03-12/05-46-32/job0_trainer.devices=1,user=single_user/checkpoints/epoch=1-step=240.ckpt' as top 1
Epoch 2, global step 360: 'val/CER' was not in top 1
Epoch 3, global step 480: 'val/CER' was not in top 1
Epoch 4, global step 600: 'val/CER' was not in top 1
Epoch 5, global step 720: 'val/CER' was not in top 1
Epoch 6, global step 840: 'val/CER' was not in top 1
Epoch 7, global step 960: 'val/CER' was not in top 1
Epoch 8, global step 1080: 'val/CER' was not in top 1
Epoch 9, global step 1200: 'val/CER' reached 99.51263 (best 99.51263), saving model to '/content/drive/MyDrive/UCLA/nndl-final/emg2qwerty/logs/2025-03-12/05-46-32/job0_trainer.devices=1,user=single_user/checkpoints/epoch=9-step=1200.ckpt' as top 1
Epoch 10, global step 1320: 'val/CER' reached 95.39211 (best 95.39211), saving model to '/content/drive/MyDrive/UCLA/nndl-final/emg2qwerty/logs/2025-03-12/05-46-32/job0_trainer.devices=1,user=single_user/checkpoints/epoch=10-step=1320.ckpt' as top 1
Epoch 11, global step 1440: 'val/CER' reached 84.78069 (best 84.78069), saving model to '/content/drive/MyDrive/UCLA/nndl-final/emg2qwerty/logs/2025-03-12/05-46-32/job0_trainer.devices=1,user=single_user/checkpoints/epoch=11-step=1440.ckpt' as top 1
Epoch 12, global step 1560: 'val/CER' reached 79.90696 (best 79.90696), saving model to '/content/drive/MyDrive/UCLA/nndl-final/emg2qwerty/logs/2025-03-12/05-46-32/job0_trainer.devices=1,user=single_user/checkpoints/epoch=12-step=1560.ckpt' as top 1
Epoch 13, global step 1680: 'val/CER' reached 75.98582 (best 75.98582), saving model to '/content/drive/MyDrive/UCLA/nndl-final/emg2qwerty/logs/2025-03-12/05-46-32/job0_trainer.devices=1,user=single_user/checkpoints/epoch=13-step=1680.ckpt' as top 1
Epoch 14, global step 1800: 'val/CER' reached 68.23217 (best 68.23217), saving model to '/content/drive/MyDrive/UCLA/nndl-final/emg2qwerty/logs/2025-03-12/05-46-32/job0_trainer.devices=1,user=single_user/checkpoints/epoch=14-step=1800.ckpt' as top 1
Epoch 15, global step 1920: 'val/CER' reached 67.63403 (best 67.63403), saving model to '/content/drive/MyDrive/UCLA/nndl-final/emg2qwerty/logs/2025-03-12/05-46-32/job0_trainer.devices=1,user=single_user/checkpoints/epoch=15-step=1920.ckpt' as top 1
Epoch 16, global step 2040: 'val/CER' reached 62.42800 (best 62.42800), saving model to '/content/drive/MyDrive/UCLA/nndl-final/emg2qwerty/logs/2025-03-12/05-46-32/job0_trainer.devices=1,user=single_user/checkpoints/epoch=16-step=2040.ckpt' as top 1
Epoch 17, global step 2160: 'val/CER' reached 42.88879 (best 42.88879), saving model to '/content/drive/MyDrive/UCLA/nndl-final/emg2qwerty/logs/2025-03-12/05-46-32/job0_trainer.devices=1,user=single_user/checkpoints/epoch=17-step=2160.ckpt' as top 1
Epoch 18, global step 2280: 'val/CER' reached 41.18299 (best 41.18299), saving model to '/content/drive/MyDrive/UCLA/nndl-final/emg2qwerty/logs/2025-03-12/05-46-32/job0_trainer.devices=1,user=single_user/checkpoints/epoch=18-step=2280.ckpt' as top 1
Epoch 19, global step 2400: 'val/CER' reached 37.74923 (best 37.74923), saving model to '/content/drive/MyDrive/UCLA/nndl-final/emg2qwerty/logs/2025-03-12/05-46-32/job0_trainer.devices=1,user=single_user/checkpoints/epoch=19-step=2400.ckpt' as top 1
Epoch 20, global step 2520: 'val/CER' reached 35.93266 (best 35.93266), saving model to '/content/drive/MyDrive/UCLA/nndl-final/emg2qwerty/logs/2025-03-12/05-46-32/job0_trainer.devices=1,user=single_user/checkpoints/epoch=20-step=2520.ckpt' as top 1
Epoch 21, global step 2640: 'val/CER' reached 34.11609 (best 34.11609), saving model to '/content/drive/MyDrive/UCLA/nndl-final/emg2qwerty/logs/2025-03-12/05-46-32/job0_trainer.devices=1,user=single_user/checkpoints/epoch=21-step=2640.ckpt' as top 1
Epoch 22, global step 2760: 'val/CER' reached 31.50199 (best 31.50199), saving model to '/content/drive/MyDrive/UCLA/nndl-final/emg2qwerty/logs/2025-03-12/05-46-32/job0_trainer.devices=1,user=single_user/checkpoints/epoch=22-step=2760.ckpt' as top 1
Epoch 23, global step 2880: 'val/CER' reached 31.45769 (best 31.45769), saving model to '/content/drive/MyDrive/UCLA/nndl-final/emg2qwerty/logs/2025-03-12/05-46-32/job0_trainer.devices=1,user=single_user/checkpoints/epoch=23-step=2880.ckpt' as top 1
Epoch 24, global step 3000: 'val/CER' reached 30.41648 (best 30.41648), saving model to '/content/drive/MyDrive/UCLA/nndl-final/emg2qwerty/logs/2025-03-12/05-46-32/job0_trainer.devices=1,user=single_user/checkpoints/epoch=24-step=3000.ckpt' as top 1
Epoch 25, global step 3120: 'val/CER' reached 29.97342 (best 29.97342), saving model to '/content/drive/MyDrive/UCLA/nndl-final/emg2qwerty/logs/2025-03-12/05-46-32/job0_trainer.devices=1,user=single_user/checkpoints/epoch=25-step=3120.ckpt' as top 1
Epoch 26, global step 3240: 'val/CER' reached 27.64732 (best 27.64732), saving model to '/content/drive/MyDrive/UCLA/nndl-final/emg2qwerty/logs/2025-03-12/05-46-32/job0_trainer.devices=1,user=single_user/checkpoints/epoch=26-step=3240.ckpt' as top 1
Epoch 27, global step 3360: 'val/CER' reached 26.69473 (best 26.69473), saving model to '/content/drive/MyDrive/UCLA/nndl-final/emg2qwerty/logs/2025-03-12/05-46-32/job0_trainer.devices=1,user=single_user/checkpoints/epoch=27-step=3360.ckpt' as top 1
Epoch 28, global step 3480: 'val/CER' reached 25.76429 (best 25.76429), saving model to '/content/drive/MyDrive/UCLA/nndl-final/emg2qwerty/logs/2025-03-12/05-46-32/job0_trainer.devices=1,user=single_user/checkpoints/epoch=28-step=3480.ckpt' as top 1
Epoch 29, global step 3600: 'val/CER' was not in top 1
Epoch 30, global step 3720: 'val/CER' reached 25.71998 (best 25.71998), saving model to '/content/drive/MyDrive/UCLA/nndl-final/emg2qwerty/logs/2025-03-12/05-46-32/job0_trainer.devices=1,user=single_user/checkpoints/epoch=30-step=3720.ckpt' as top 1
Epoch 31, global step 3840: 'val/CER' was not in top 1
Epoch 32, global step 3960: 'val/CER' reached 24.25786 (best 24.25786), saving model to '/content/drive/MyDrive/UCLA/nndl-final/emg2qwerty/logs/2025-03-12/05-46-32/job0_trainer.devices=1,user=single_user/checkpoints/epoch=32-step=3960.ckpt' as top 1
Epoch 33, global step 4080: 'val/CER' reached 24.03633 (best 24.03633), saving model to '/content/drive/MyDrive/UCLA/nndl-final/emg2qwerty/logs/2025-03-12/05-46-32/job0_trainer.devices=1,user=single_user/checkpoints/epoch=33-step=4080.ckpt' as top 1
Epoch 34, global step 4200: 'val/CER' was not in top 1
Epoch 35, global step 4320: 'val/CER' was not in top 1
Epoch 36, global step 4440: 'val/CER' reached 23.46035 (best 23.46035), saving model to '/content/drive/MyDrive/UCLA/nndl-final/emg2qwerty/logs/2025-03-12/05-46-32/job0_trainer.devices=1,user=single_user/checkpoints/epoch=36-step=4440.ckpt' as top 1
Epoch 37, global step 4560: 'val/CER' reached 23.26097 (best 23.26097), saving model to '/content/drive/MyDrive/UCLA/nndl-final/emg2qwerty/logs/2025-03-12/05-46-32/job0_trainer.devices=1,user=single_user/checkpoints/epoch=37-step=4560.ckpt' as top 1
Epoch 38, global step 4680: 'val/CER' was not in top 1
Epoch 39, global step 4800: 'val/CER' was not in top 1
Epoch 40, global step 4920: 'val/CER' was not in top 1
Epoch 41, global step 5040: 'val/CER' was not in top 1
Epoch 42, global step 5160: 'val/CER' reached 23.23881 (best 23.23881), saving model to '/content/drive/MyDrive/UCLA/nndl-final/emg2qwerty/logs/2025-03-12/05-46-32/job0_trainer.devices=1,user=single_user/checkpoints/epoch=42-step=5160.ckpt' as top 1
Epoch 43, global step 5280: 'val/CER' reached 23.12805 (best 23.12805), saving model to '/content/drive/MyDrive/UCLA/nndl-final/emg2qwerty/logs/2025-03-12/05-46-32/job0_trainer.devices=1,user=single_user/checkpoints/epoch=43-step=5280.ckpt' as top 1
Epoch 44, global step 5400: 'val/CER' was not in top 1
Epoch 45, global step 5520: 'val/CER' was not in top 1
Epoch 46, global step 5640: 'val/CER' was not in top 1
Epoch 47, global step 5760: 'val/CER' was not in top 1
Epoch 48, global step 5880: 'val/CER' was not in top 1
Epoch 49, global step 6000: 'val/CER' was not in top 1
`Trainer.fit` stopped: `max_epochs=50` reached.
LOCAL_RANK: 0 - CUDA_VISIBLE_DEVICES: [0]
LOCAL_RANK: 0 - CUDA_VISIBLE_DEVICES: [0]
