2025-03-09 01:14:15.773000: E external/local_xla/xla/stream_executor/cuda/cuda_fft.cc:477] Unable to register cuFFT factory: Attempting to register factory for plugin cuFFT when one has already been registered
WARNING: All log messages before absl::InitializeLog() is called are written to STDERR
E0000 00:00:1741482855.794139    3275 cuda_dnn.cc:8310] Unable to register cuDNN factory: Attempting to register factory for plugin cuDNN when one has already been registered
E0000 00:00:1741482855.800682    3275 cuda_blas.cc:1418] Unable to register cuBLAS factory: Attempting to register factory for plugin cuBLAS when one has already been registered
Global seed set to 1501
GPU available: True (cuda), used: True
TPU available: False, using: 0 TPU cores
IPU available: False, using: 0 IPUs
HPU available: False, using: 0 HPUs
Missing logger folder: /content/drive/MyDrive/emg2qwerty-main/logs/2025-03-09/01-14-10/job0_trainer.devices=1,user=single_user/lightning_logs
LOCAL_RANK: 0 - CUDA_VISIBLE_DEVICES: [0]
/usr/local/lib/python3.11/dist-packages/pl_bolts/__init__.py:11: FutureWarning: In the future `np.object` will be defined as the corresponding NumPy scalar.
  if not hasattr(numpy, tp_name):
/usr/local/lib/python3.11/dist-packages/pl_bolts/__init__.py:11: FutureWarning: In the future `np.bool` will be defined as the corresponding NumPy scalar.
  if not hasattr(numpy, tp_name):
/usr/local/lib/python3.11/dist-packages/pl_bolts/models/self_supervised/amdim/amdim_module.py:34: UnderReviewWarning: The feature generate_power_seq is currently marked under review. The compatibility with other Lightning projects is not guaranteed and API may change at any time. The API and functionality may change without warning in future releases. More details: https://lightning-bolts.readthedocs.io/en/latest/stability.html
  "lr_options": generate_power_seq(LEARNING_RATE_CIFAR, 11),
/usr/local/lib/python3.11/dist-packages/pl_bolts/models/self_supervised/amdim/amdim_module.py:92: UnderReviewWarning: The feature FeatureMapContrastiveTask is currently marked under review. The compatibility with other Lightning projects is not guaranteed and API may change at any time. The API and functionality may change without warning in future releases. More details: https://lightning-bolts.readthedocs.io/en/latest/stability.html
  contrastive_task: Union[FeatureMapContrastiveTask] = FeatureMapContrastiveTask("01, 02, 11"),
/usr/local/lib/python3.11/dist-packages/pl_bolts/losses/self_supervised_learning.py:228: UnderReviewWarning: The feature AmdimNCELoss is currently marked under review. The compatibility with other Lightning projects is not guaranteed and API may change at any time. The API and functionality may change without warning in future releases. More details: https://lightning-bolts.readthedocs.io/en/latest/stability.html
  self.nce_loss = AmdimNCELoss(tclip)
/usr/local/lib/python3.11/dist-packages/hydra/_internal/instantiate/_instantiate2.py:92: UnderReviewWarning: The feature LinearWarmupCosineAnnealingLR is currently marked under review. The compatibility with other Lightning projects is not guaranteed and API may change at any time. The API and functionality may change without warning in future releases. More details: https://lightning-bolts.readthedocs.io/en/latest/stability.html
  return _target_(*args, **kwargs)

  | Name     | Type       | Params
----------------------------------------
0 | model    | Sequential | 5.3 M 
1 | ctc_loss | CTCLoss    | 0     
2 | metrics  | ModuleDict | 0     
----------------------------------------
5.3 M     Trainable params
0         Non-trainable params
5.3 M     Total params
21.173    Total estimated model params size (MB)
/usr/local/lib/python3.11/dist-packages/torch/utils/data/dataloader.py:558: UserWarning: This DataLoader will create 4 worker processes in total. Our suggested max number of worker in current system is 2, which is smaller than what this DataLoader is going to create. Please be aware that excessive worker creation might get DataLoader running slow or even freeze, lower the worker number to avoid potential slowness/freeze if necessary.
  warnings.warn(_create_warning_msg(
/usr/local/lib/python3.11/dist-packages/torch/nn/modules/conv.py:456: UserWarning: Plan failed with a cudnnException: CUDNN_BACKEND_EXECUTION_PLAN_DESCRIPTOR: cudnnFinalize Descriptor Failed cudnn_status: CUDNN_STATUS_NOT_SUPPORTED (Triggered internally at ../aten/src/ATen/native/cudnn/Conv_v8.cpp:919.)
  return F.conv2d(input, weight, bias, self.stride,
Epoch 0, global step 60: 'val/CER' reached 1373.30530 (best 1373.30530), saving model to '/content/drive/MyDrive/emg2qwerty-main/logs/2025-03-09/01-14-10/job0_trainer.devices=1,user=single_user/checkpoints/epoch=0-step=60.ckpt' as top 1
Epoch 1, global step 120: 'val/CER' reached 100.00000 (best 100.00000), saving model to '/content/drive/MyDrive/emg2qwerty-main/logs/2025-03-09/01-14-10/job0_trainer.devices=1,user=single_user/checkpoints/epoch=1-step=120.ckpt' as top 1
Epoch 2, global step 180: 'val/CER' was not in top 1
Epoch 3, global step 240: 'val/CER' was not in top 1
Epoch 4, global step 300: 'val/CER' was not in top 1
Epoch 5, global step 360: 'val/CER' was not in top 1
Epoch 6, global step 420: 'val/CER' was not in top 1
Epoch 7, global step 480: 'val/CER' was not in top 1
Epoch 8, global step 540: 'val/CER' was not in top 1
Epoch 9, global step 600: 'val/CER' was not in top 1
Epoch 10, global step 660: 'val/CER' was not in top 1
Epoch 11, global step 720: 'val/CER' reached 99.13602 (best 99.13602), saving model to '/content/drive/MyDrive/emg2qwerty-main/logs/2025-03-09/01-14-10/job0_trainer.devices=1,user=single_user/checkpoints/epoch=11-step=720.ckpt' as top 1
Epoch 12, global step 780: 'val/CER' was not in top 1
Epoch 13, global step 840: 'val/CER' was not in top 1
Epoch 14, global step 900: 'val/CER' was not in top 1
Epoch 15, global step 960: 'val/CER' was not in top 1
Epoch 16, global step 1020: 'val/CER' was not in top 1
Epoch 17, global step 1080: 'val/CER' was not in top 1
Epoch 18, global step 1140: 'val/CER' reached 97.85113 (best 97.85113), saving model to '/content/drive/MyDrive/emg2qwerty-main/logs/2025-03-09/01-14-10/job0_trainer.devices=1,user=single_user/checkpoints/epoch=18-step=1140.ckpt' as top 1
Epoch 19, global step 1200: 'val/CER' reached 96.34470 (best 96.34470), saving model to '/content/drive/MyDrive/emg2qwerty-main/logs/2025-03-09/01-14-10/job0_trainer.devices=1,user=single_user/checkpoints/epoch=19-step=1200.ckpt' as top 1
Epoch 20, global step 1260: 'val/CER' reached 94.77182 (best 94.77182), saving model to '/content/drive/MyDrive/emg2qwerty-main/logs/2025-03-09/01-14-10/job0_trainer.devices=1,user=single_user/checkpoints/epoch=20-step=1260.ckpt' as top 1
Epoch 21, global step 1320: 'val/CER' reached 91.95835 (best 91.95835), saving model to '/content/drive/MyDrive/emg2qwerty-main/logs/2025-03-09/01-14-10/job0_trainer.devices=1,user=single_user/checkpoints/epoch=21-step=1320.ckpt' as top 1
Epoch 22, global step 1380: 'val/CER' reached 89.67656 (best 89.67656), saving model to '/content/drive/MyDrive/emg2qwerty-main/logs/2025-03-09/01-14-10/job0_trainer.devices=1,user=single_user/checkpoints/epoch=22-step=1380.ckpt' as top 1
Epoch 23, global step 1440: 'val/CER' reached 88.17014 (best 88.17014), saving model to '/content/drive/MyDrive/emg2qwerty-main/logs/2025-03-09/01-14-10/job0_trainer.devices=1,user=single_user/checkpoints/epoch=23-step=1440.ckpt' as top 1
Epoch 24, global step 1500: 'val/CER' was not in top 1
Epoch 25, global step 1560: 'val/CER' was not in top 1
Epoch 26, global step 1620: 'val/CER' reached 87.01817 (best 87.01817), saving model to '/content/drive/MyDrive/emg2qwerty-main/logs/2025-03-09/01-14-10/job0_trainer.devices=1,user=single_user/checkpoints/epoch=26-step=1620.ckpt' as top 1
Epoch 27, global step 1680: 'val/CER' reached 86.04342 (best 86.04342), saving model to '/content/drive/MyDrive/emg2qwerty-main/logs/2025-03-09/01-14-10/job0_trainer.devices=1,user=single_user/checkpoints/epoch=27-step=1680.ckpt' as top 1
Epoch 28, global step 1740: 'val/CER' reached 85.82188 (best 85.82188), saving model to '/content/drive/MyDrive/emg2qwerty-main/logs/2025-03-09/01-14-10/job0_trainer.devices=1,user=single_user/checkpoints/epoch=28-step=1740.ckpt' as top 1
Epoch 29, global step 1800: 'val/CER' reached 85.42313 (best 85.42313), saving model to '/content/drive/MyDrive/emg2qwerty-main/logs/2025-03-09/01-14-10/job0_trainer.devices=1,user=single_user/checkpoints/epoch=29-step=1800.ckpt' as top 1
`Trainer.fit` stopped: `max_epochs=30` reached.
LOCAL_RANK: 0 - CUDA_VISIBLE_DEVICES: [0]
LOCAL_RANK: 0 - CUDA_VISIBLE_DEVICES: [0]
